<?xml version="1.0" encoding="UTF-8"?>
<!-- Generated by org.testng.reporters.JUnitReportReporter -->
<testsuite hostname="USGURAMIDDHA9" failures="0" tests="1" name="Testing_Ankita.DemoMavenProject1.Test_Maven" time="6.248" errors="0" timestamp="11 Sep 2018 13:57:24 GMT">
  <testcase classname="Testing_Ankita.DemoMavenProject1.Test_Maven" name="openbrowser" time="6.248"/>
</testsuite> <!-- Testing_Ankita.DemoMavenProject1.Test_Maven -->
