<?xml version="1.0" encoding="UTF-8"?>
<!-- Generated by org.testng.reporters.JUnitReportReporter -->
<testsuite hostname="USGURAMIDDHA9" failures="0" tests="1" name="Testing_Ankita.DemoMavenProject1.Test_Maven" time="7.639" errors="0" timestamp="12 Sep 2018 06:37:52 GMT" skipped="0">
  <testcase classname="Testing_Ankita.DemoMavenProject1.Test_Maven" name="openbrowser" time="7.639"/>
</testsuite> <!-- Testing_Ankita.DemoMavenProject1.Test_Maven -->
