<?xml version="1.0" encoding="UTF-8"?>
<!-- Generated by org.testng.reporters.JUnitReportReporter -->
<testsuite hostname="USGURAMIDDHA9" failures="0" tests="1" name="Testing_Ankita.DemoMavenProject1.Test_Maven" time="4.310" errors="0" timestamp="02 Sep 2018 10:27:58 GMT" skipped="0">
  <testcase classname="Testing_Ankita.DemoMavenProject1.Test_Maven" name="openbrowser" time="4.310"/>
</testsuite> <!-- Testing_Ankita.DemoMavenProject1.Test_Maven -->
